[debug] [2024-10-01T17:38:41.756Z] ----------------------------------------------------------------------
[debug] [2024-10-01T17:38:41.758Z] Command:       C:\Program Files\nodejs\node.exe C:\Users\jewel\AppData\Roaming\npm\node_modules\firebase-tools\lib\bin\firebase.js init
[debug] [2024-10-01T17:38:41.759Z] CLI Version:   13.15.2
[debug] [2024-10-01T17:38:41.759Z] Platform:      win32
[debug] [2024-10-01T17:38:41.759Z] Node Version:  v20.15.1
[debug] [2024-10-01T17:38:41.759Z] Time:          Tue Oct 01 2024 23:38:41 GMT+0600 (Bangladesh Standard Time)
[debug] [2024-10-01T17:38:41.759Z] ----------------------------------------------------------------------
[debug] 
[debug] [2024-10-01T17:38:41.762Z] >>> [apiv2][query] GET https://firebase-public.firebaseio.com/cli.json [none]
[debug] [2024-10-01T17:38:41.808Z] > command requires scopes: ["email","openid","https://www.googleapis.com/auth/cloudplatformprojects.readonly","https://www.googleapis.com/auth/firebase","https://www.googleapis.com/auth/cloud-platform"]
[debug] [2024-10-01T17:38:41.809Z] > authorizing via signed-in user (jewelmia2330@gmail.com)
[info] 
     ######## #### ########  ######## ########     ###     ######  ########
     ##        ##  ##     ## ##       ##     ##  ##   ##  ##       ##
     ######    ##  ########  ######   ########  #########  ######  ######
     ##        ##  ##    ##  ##       ##     ## ##     ##       ## ##
     ##       #### ##     ## ######## ########  ##     ##  ######  ########

You're about to initialize a Firebase project in this directory:

  J:\Top-Projects\jesha-shop

[debug] [2024-10-01T17:38:42.537Z] <<< [apiv2][status] GET https://firebase-public.firebaseio.com/cli.json 200
[debug] [2024-10-01T17:38:42.537Z] <<< [apiv2][body] GET https://firebase-public.firebaseio.com/cli.json {"cloudBuildErrorAfter":1594252800000,"cloudBuildWarnAfter":1590019200000,"defaultNode10After":1594252800000,"minVersion":"3.0.5","node8DeploysDisabledAfter":1613390400000,"node8RuntimeDisabledAfter":1615809600000,"node8WarnAfter":1600128000000}
[info] 
=== Project Setup
[info] 
[info] First, let's associate this project directory with a Firebase project.
[info] You can create multiple project aliases by running firebase use --add, 
[info] but for now we'll just set up a default project.
[info] 
[debug] [2024-10-01T17:39:09.162Z] > refreshing access token with scopes: []
[debug] [2024-10-01T17:39:09.163Z] >>> [apiv2][query] POST https://www.googleapis.com/oauth2/v3/token [none]
[debug] [2024-10-01T17:39:09.163Z] >>> [apiv2][body] POST https://www.googleapis.com/oauth2/v3/token [omitted]
[debug] [2024-10-01T17:39:09.489Z] <<< [apiv2][status] POST https://www.googleapis.com/oauth2/v3/token 200
[debug] [2024-10-01T17:39:09.489Z] <<< [apiv2][body] POST https://www.googleapis.com/oauth2/v3/token [omitted]
[debug] [2024-10-01T17:39:09.497Z] >>> [apiv2][query] GET https://firebase.googleapis.com/v1beta1/projects pageSize=100
[debug] [2024-10-01T17:39:10.565Z] <<< [apiv2][status] GET https://firebase.googleapis.com/v1beta1/projects 200
[debug] [2024-10-01T17:39:10.565Z] <<< [apiv2][body] GET https://firebase.googleapis.com/v1beta1/projects [omitted]
